<?xml version="1.0" encoding="UTF-8"?>
<!-- Generated by org.testng.reporters.JUnitReportReporter -->
<testsuite hostname="Nikhil-PC" name="com.framework.testscripts.HomePageTests" tests="1" failures="0" timestamp="11 Dec 2019 17:28:44 GMT" time="0.015" errors="0">
  <testcase name="testfuncdtion" time="0.015" classname="com.framework.testscripts.HomePageTests"/>
</testsuite> <!-- com.framework.testscripts.HomePageTests -->
